<?xml version="1.0" encoding="UTF-8"?>
<!-- Generated by org.testng.reporters.JUnitReportReporter -->
<testsuite hostname="BEUNA-PC" failures="0" tests="4" name="org.demoWebShop.testscripts.LoginPageTest" time="35.170" errors="0" timestamp="2023-04-02T12:44:48 IST" skipped="0">
  <testcase classname="org.demoWebShop.testscripts.LoginPageTest" name="verifyUserValidLogin" time="8.224"/>
  <system-out/>
  <testcase classname="org.demoWebShop.testscripts.LoginPageTest" name="verifyInValidLogin" time="10.622"/>
  <system-out/>
  <testcase classname="org.demoWebShop.testscripts.LoginPageTest" name="verifyInValidLogin" time="9.699"/>
  <system-out/>
  <testcase classname="org.demoWebShop.testscripts.LoginPageTest" name="verifyInValidLogin" time="6.625"/>
  <system-out/>
</testsuite> <!-- org.demoWebShop.testscripts.LoginPageTest -->
